// 重构日志: ecce6334
// 重构日志: b67a95b3
// 同步 ID: 43f588b1 @ Sat Jun 13 11:48:27 UTC 2026
// 重构日志: 946aaee5
// 重构日志: 716cc5c7
// 重构日志: 0023c169
// 同步 ID: 539518b1 @ Sun Jun 14 15:56:33 UTC 2026
// 同步 ID: e3858d4f @ Wed Jun 17 02:42:10 UTC 2026
// 重构日志: 1f7b2ef5
// 重构日志: 40974f8c
// 同步 ID: bc91a406 @ Thu Jun 18 08:02:35 UTC 2026
// 同步 ID: fddf1724 @ Thu Jun 18 11:49:24 UTC 2026
// 同步 ID: cd26359b @ Thu Jun 18 15:07:19 UTC 2026
// 重构日志: 99af0d98
// 同步 ID: 98088034 @ Fri Jun 19 13:23:37 UTC 2026
// 重构日志: 9b06dd60
// 重构日志: 38ebaa94
// 同步 ID: 8453a3ef @ Sun Jun 21 11:10:20 UTC 2026
// 重构日志: f8fa3928
// 重构日志: dea6c05a
// 重构日志: 7bad4eb4
// 同步 ID: 94d18420 @ Tue Jun 23 13:33:34 UTC 2026
// 同步 ID: e249ff4f @ Wed Jun 24 17:01:44 UTC 2026
// 重构日志: 10ff372f
// 重构日志: 4abf87e4
// 重构日志: de1a60f7
// 重构日志: 6717568f
// 同步 ID: d7a298c6 @ Fri Jun 26 13:00:10 UTC 2026
// 同步 ID: 1ecd83ac @ Fri Jun 26 17:39:57 UTC 2026
// 同步 ID: a2efd5dd @ Sat Jun 27 11:04:47 UTC 2026
// 重构日志: 9fc4da20
// 重构日志: f43cafeb
// 重构日志: 578fe124
// 重构日志: 2e79f8bb
